<?xml version="1.0" encoding="UTF-8"?>
<!-- Generated by org.testng.reporters.JUnitReportReporter -->
<testsuite hostname="DESKTOP-073QPVU" failures="0" tests="4" name="functionalTest.Payment" time="0.078" errors="0" timestamp="2022-12-28T08:44:42 IST" skipped="0">
  <testcase classname="functionalTest.Payment" name="verifyDebitCard" time="0.023"/>
  <system-out/>
  <testcase classname="functionalTest.Payment" name="verifyNetBanking" time="0.005"/>
  <system-out/>
  <testcase classname="functionalTest.Payment" name="verifyUPI" time="0.008"/>
  <system-out/>
  <testcase classname="functionalTest.Payment" name="verifyCreditCard" time="0.042"/>
  <system-out/>
</testsuite> <!-- functionalTest.Payment -->
