<?xml version="1.0" encoding="UTF-8"?>
<!-- Generated by org.testng.reporters.JUnitReportReporter -->
<testsuite hostname="DESKTOP-073QPVU" failures="0" tests="2" name="day1.Registration" time="0.259" errors="0" timestamp="2022-12-11T07:53:09 IST" skipped="0">
  <testcase classname="day1.Registration" name="regist" time="0.245"/>
  <system-out/>
  <testcase classname="day1.Registration" name="regist2" time="0.014"/>
  <system-out/>
</testsuite> <!-- day1.Registration -->
