<?xml version="1.0" encoding="UTF-8"?>
<!-- Generated by org.testng.reporters.JUnitReportReporter -->
<testsuite hostname="DESKTOP-073QPVU" failures="0" tests="4" name="functionalTest.Product" time="0.059" errors="0" timestamp="2022-12-28T08:44:42 IST" skipped="0">
  <testcase classname="functionalTest.Product" name="verifyElectronic" time="0.018"/>
  <system-out/>
  <testcase classname="functionalTest.Product" name="verifyGrocery" time="0.019"/>
  <system-out/>
  <testcase classname="functionalTest.Product" name="verifyKitchenAppliences" time="0.007"/>
  <system-out/>
  <testcase classname="functionalTest.Product" name="verifyHouseHold" time="0.015"/>
  <system-out/>
</testsuite> <!-- functionalTest.Product -->
