<?xml version="1.0" encoding="UTF-8"?>
<!-- Generated by org.testng.reporters.JUnitReportReporter -->
<testsuite hostname="DESKTOP-073QPVU" failures="0" tests="3" name="day2.Login" time="0.084" errors="0" timestamp="2022-12-11T07:42:28 IST" skipped="0">
  <testcase classname="day2.Login" name="validLogin" time="0.062"/>
  <system-out/>
  <testcase classname="day2.Login" name="InvalidLogin" time="0.010"/>
  <system-out/>
  <testcase classname="day2.Login" name="blankUserAndpassLogin" time="0.012"/>
  <system-out/>
</testsuite> <!-- day2.Login -->
