<?xml version="1.0" encoding="UTF-8"?>
<!-- Generated by org.testng.reporters.JUnitReportReporter -->
<testsuite hostname="DESKTOP-073QPVU" failures="0" tests="3" name="sanityTest.HomePageTest" time="0.342" errors="0" timestamp="2022-12-28T08:44:42 IST" skipped="0">
  <testcase classname="sanityTest.HomePageTest" name="verifyItems" time="0.294"/>
  <system-out/>
  <testcase classname="sanityTest.HomePageTest" name="verifySearch" time="0.031"/>
  <system-out/>
  <testcase classname="sanityTest.HomePageTest" name="verifySignInButton" time="0.017"/>
  <system-out/>
</testsuite> <!-- sanityTest.HomePageTest -->
