<?xml version="1.0" encoding="UTF-8"?>
<!-- Generated by org.testng.reporters.JUnitReportReporter -->
<testsuite hostname="DESKTOP-073QPVU" failures="0" tests="2" name="sanityTest.Login" time="0.103" errors="0" timestamp="2022-12-28T08:44:42 IST" skipped="0">
  <testcase classname="sanityTest.Login" name="verifyLoginByEmail" time="0.007"/>
  <system-out/>
  <testcase classname="sanityTest.Login" name="verifyLoginByMobileNo" time="0.096"/>
  <system-out/>
</testsuite> <!-- sanityTest.Login -->
