<?xml version="1.0" encoding="UTF-8"?>
<!-- Generated by org.testng.reporters.JUnitReportReporter -->
<testsuite hostname="DESKTOP-073QPVU" failures="0" tests="2" name="day3.ForgotPassword" time="0.026" errors="0" timestamp="2022-12-11T07:42:28 IST" skipped="0">
  <testcase classname="day3.ForgotPassword" name="forgotPasswordWithEmail" time="0.017"/>
  <system-out/>
  <testcase classname="day3.ForgotPassword" name="forgotPasswordWithMobileNo" time="0.009"/>
  <system-out/>
</testsuite> <!-- day3.ForgotPassword -->
