<?xml version="1.0" encoding="UTF-8"?>
<!-- Generated by org.testng.reporters.JUnitReportReporter -->
<testsuite hostname="DESKTOP-073QPVU" failures="0" tests="4" name="functionalTest.Product" time="0.021" errors="0" timestamp="2022-12-28T09:08:38 IST" skipped="0">
  <testcase classname="functionalTest.Product" name="verifyHouseHold" time="0.005"/>
  <system-out/>
  <testcase classname="functionalTest.Product" name="verifyGrocery" time="0.006"/>
  <system-out/>
  <testcase classname="functionalTest.Product" name="verifyKitchenAppliences" time="0.003"/>
  <system-out/>
  <testcase classname="functionalTest.Product" name="verifyElectronic" time="0.007"/>
  <system-out/>
</testsuite> <!-- functionalTest.Product -->
