<?xml version="1.0" encoding="UTF-8"?>
<!-- Generated by org.testng.reporters.JUnitReportReporter -->
<testsuite hostname="DESKTOP-073QPVU" failures="0" tests="3" name="sanityTest.HomePageTest" time="0.240" errors="0" timestamp="2022-12-28T09:08:38 IST" skipped="0">
  <testcase classname="sanityTest.HomePageTest" name="verifySearch" time="0.004"/>
  <system-out/>
  <testcase classname="sanityTest.HomePageTest" name="verifySignInButton" time="0.047"/>
  <system-out/>
  <testcase classname="sanityTest.HomePageTest" name="verifyItems" time="0.189"/>
  <system-out/>
</testsuite> <!-- sanityTest.HomePageTest -->
